<?xml version="1.0" encoding="UTF-8"?>
<testng-results skipped="0" failed="0" total="1" passed="1">
  <reporter-output>
  </reporter-output>
  <suite name="Surefire suite" duration-ms="26353" started-at="2019-07-18T05:36:20Z" finished-at="2019-07-18T05:36:47Z">
    <groups>
      <group name="cucumber">
        <method signature="AbstractTestNGCucumberTests.runScenario(io.cucumber.testng.PickleEventWrapper, io.cucumber.testng.CucumberFeatureWrapper)[pri:0, instance:testRunner.CalculatorRunnerTest@50c87b21]" name="runScenario" class="io.cucumber.testng.AbstractTestNGCucumberTests"/>
      </group> <!-- cucumber -->
    </groups>
    <test name="Surefire test" duration-ms="26353" started-at="2019-07-18T05:36:20Z" finished-at="2019-07-18T05:36:47Z">
      <class name="testRunner.CalculatorRunnerTest">
        <test-method status="PASS" signature="setUpClass()[pri:0, instance:testRunner.CalculatorRunnerTest@50c87b21]" test-instance-name="" name="setUpClass" is-config="true" duration-ms="214" started-at="2019-07-18T06:36:20Z" finished-at="2019-07-18T06:36:21Z">
          <reporter-output>
          </reporter-output>
        </test-method> <!-- setUpClass -->
        <test-method name="runScenario" test-instance-name="" signature="runScenario(io.cucumber.testng.PickleEventWrapper, io.cucumber.testng.CucumberFeatureWrapper)[pri:0, instance:testRunner.CalculatorRunnerTest@50c87b21]" status="PASS" duration-ms="25868" finished-at="2019-07-18T06:36:46Z" started-at="2019-07-18T06:36:21Z" data-provider="scenarios" description="Runs Cucumber Scenarios">
          <params>
            <param index="0">
              <value>
                <![CDATA["run test"]]>
              </value>
            </param>
            <param index="1">
              <value>
                <![CDATA["verify Addition"]]>
              </value>
            </param>
          </params>
          <reporter-output>
          </reporter-output>
        </test-method> <!-- runScenario -->
        <test-method status="PASS" signature="tearDownClass()[pri:0, instance:testRunner.CalculatorRunnerTest@50c87b21]" test-instance-name="" name="tearDownClass" is-config="true" duration-ms="164" started-at="2019-07-18T06:36:46Z" finished-at="2019-07-18T06:36:47Z">
          <reporter-output>
          </reporter-output>
        </test-method> <!-- tearDownClass -->
      </class> <!-- testRunner.CalculatorRunnerTest -->
    </test> <!-- Surefire test -->
  </suite> <!-- Surefire suite -->
</testng-results>
